TN:
SF:src\components\TaskList\index.tsx
FN:10,(anonymous_0)
FN:13,(anonymous_1)
FN:15,(anonymous_2)
FN:16,(anonymous_3)
FN:22,(anonymous_4)
FN:23,(anonymous_5)
FN:26,(anonymous_6)
FNF:7
FNH:3
FNDA:7,(anonymous_0)
FNDA:0,(anonymous_1)
FNDA:0,(anonymous_2)
FNDA:0,(anonymous_3)
FNDA:2,(anonymous_4)
FNDA:2,(anonymous_5)
FNDA:0,(anonymous_6)
DA:10,3
DA:11,7
DA:13,7
DA:14,0
DA:16,0
DA:19,7
DA:22,2
DA:24,2
DA:26,0
DA:34,3
LF:10
LH:7
BRF:0
BRH:0
end_of_record
TN:
SF:src\context\TasksContext.tsx
FN:21,(anonymous_0)
FN:24,(anonymous_1)
FN:25,loadTasks
FN:35,(anonymous_3)
FN:44,(anonymous_4)
FN:46,(anonymous_5)
FN:61,useTaskList
FNF:7
FNH:7
FNDA:12,(anonymous_0)
FNDA:6,(anonymous_1)
FNDA:6,loadTasks
FNDA:3,(anonymous_3)
FNDA:1,(anonymous_4)
FNDA:1,(anonymous_5)
FNDA:20,useTaskList
DA:17,3
DA:19,3
DA:21,3
DA:22,12
DA:24,12
DA:26,6
DA:28,6
DA:29,2
DA:32,6
DA:35,12
DA:36,3
DA:37,3
DA:38,3
DA:39,3
DA:41,0
DA:44,12
DA:45,1
DA:46,1
DA:47,1
DA:48,1
DA:50,0
DA:54,12
DA:62,20
DA:63,20
DA:64,0
DA:66,20
LF:26
LH:23
BRDA:28,0,0,2
BRDA:28,0,1,4
BRDA:63,1,0,0
BRDA:63,1,1,20
BRF:4
BRH:3
end_of_record
TN:
SF:src\pages\Home\index.tsx
FN:14,(anonymous_0)
FN:18,(anonymous_1)
FNF:2
FNH:2
FNDA:6,(anonymous_0)
FNDA:1,(anonymous_1)
DA:14,2
DA:15,6
DA:17,6
DA:18,6
DA:19,1
DA:23,1
DA:26,6
DA:51,2
LF:8
LH:8
BRDA:21,0,0,1
BRDA:21,0,1,0
BRDA:76,1,0,2
BRDA:76,1,1,0
BRDA:82,2,0,2
BRDA:82,2,1,0
BRF:6
BRH:3
end_of_record
